# JRE version: Java(TM) SE Runtime Environment (8.0_144-b01) (build 1.8.0_144-b01)
# Java VM: Java HotSpot(TM) 64-Bit Server VM (25.144-b01 mixed mode linux-amd64 compressed oops)
Heap:
 PSYoungGen      total 18432K, used 6925K [0x00000000d6800000, 0x00000000d8b80000, 0x0000000100000000)
  eden space 512K, 0% used [0x00000000d6800000,0x00000000d6800000,0x00000000d6880000)
  from space 17920K, 38% used [0x00000000d6880000,0x00000000d6f437a8,0x00000000d7a00000)
  to   space 17920K, 0% used [0x00000000d7a00000,0x00000000d7a00000,0x00000000d8b80000)
 ParOldGen       total 561664K, used 561157K [0x0000000083800000, 0x00000000a5c80000, 0x00000000d6800000)
  object space 561664K, 99% used [0x0000000083800000,0x00000000a5c01490,0x00000000a5c80000)
 Metaspace       used 11208K, capacity 11476K, committed 11648K, reserved 1058816K
  class space    used 1234K, capacity 1326K, committed 1408K, reserved 1048576K
GC Heap History (10 events):
Event: 4652,449 GC heap after
Heap after GC invocations=589 (full 12):
 PSYoungGen      total 17408K, used 13728K [0x00000000d6800000, 0x00000000d8c80000, 0x0000000100000000)
  eden space 512K, 0% used [0x00000000d6800000,0x00000000d6800000,0x00000000d6880000)
  from space 16896K, 81% used [0x00000000d6880000,0x00000000d75e8000,0x00000000d7900000)
  to   space 18432K, 0% used [0x00000000d7a80000,0x00000000d7a80000,0x00000000d8c80000)
 ParOldGen       total 561664K, used 553096K [0x0000000083800000, 0x00000000a5c80000, 0x00000000d6800000)
  object space 561664K, 98% used [0x0000000083800000,0x00000000a54220c0,0x00000000a5c80000)
 Metaspace       used 11208K, capacity 11476K, committed 11648K, reserved 1058816K
  class space    used 1234K, capacity 1326K, committed 1408K, reserved 1048576K
}
Event: 4656,204 GC heap before
{Heap before GC invocations=590 (full 12):
 PSYoungGen      total 17408K, used 14240K [0x00000000d6800000, 0x00000000d8c80000, 0x0000000100000000)
  eden space 512K, 100% used [0x00000000d6800000,0x00000000d6880000,0x00000000d6880000)
  from space 16896K, 81% used [0x00000000d6880000,0x00000000d75e8000,0x00000000d7900000)
  to   space 18432K, 0% used [0x00000000d7a80000,0x00000000d7a80000,0x00000000d8c80000)
 ParOldGen       total 561664K, used 553096K [0x0000000083800000, 0x00000000a5c80000, 0x00000000d6800000)
  object space 561664K, 98% used [0x0000000083800000,0x00000000a54220c0,0x00000000a5c80000)
 Metaspace       used 11208K, capacity 11476K, committed 11648K, reserved 1058816K
  class space    used 1234K, capacity 1326K, committed 1408K, reserved 1048576K
Event: 4656,221 GC heap after
Heap after GC invocations=590 (full 12):
 PSYoungGen      total 18944K, used 13216K [0x00000000d6800000, 0x00000000d8c80000, 0x0000000100000000)
  eden space 512K, 0% used [0x00000000d6800000,0x00000000d6800000,0x00000000d6880000)
  from space 18432K, 71% used [0x00000000d7a80000,0x00000000d8768000,0x00000000d8c80000)
  to   space 18432K, 0% used [0x00000000d6880000,0x00000000d6880000,0x00000000d7a80000)
 ParOldGen       total 561664K, used 554056K [0x0000000083800000, 0x00000000a5c80000, 0x00000000d6800000)
  object space 561664K, 98% used [0x0000000083800000,0x00000000a55120c0,0x00000000a5c80000)
 Metaspace       used 11208K, capacity 11476K, committed 11648K, reserved 1058816K
  class space    used 1234K, capacity 1326K, committed 1408K, reserved 1048576K
}
Event: 4659,984 GC heap before
{Heap before GC invocations=591 (full 12):
 PSYoungGen      total 18944K, used 13728K [0x00000000d6800000, 0x00000000d8c80000, 0x0000000100000000)
  eden space 512K, 100% used [0x00000000d6800000,0x00000000d6880000,0x00000000d6880000)
  from space 18432K, 71% used [0x00000000d7a80000,0x00000000d8768000,0x00000000d8c80000)
  to   space 18432K, 0% used [0x00000000d6880000,0x00000000d6880000,0x00000000d7a80000)
 ParOldGen       total 561664K, used 554056K [0x0000000083800000, 0x00000000a5c80000, 0x00000000d6800000)
  object space 561664K, 98% used [0x0000000083800000,0x00000000a55120c0,0x00000000a5c80000)
 Metaspace       used 11208K, capacity 11476K, committed 11648K, reserved 1058816K
  class space    used 1234K, capacity 1326K, committed 1408K, reserved 1048576K
Event: 4660,010 GC heap after
Heap after GC invocations=591 (full 12):
 PSYoungGen      total 18944K, used 12736K [0x00000000d6800000, 0x00000000d8c80000, 0x0000000100000000)
  eden space 512K, 0% used [0x00000000d6800000,0x00000000d6800000,0x00000000d6880000)
  from space 18432K, 69% used [0x00000000d6880000,0x00000000d74f0000,0x00000000d7a80000)
  to   space 18432K, 0% used [0x00000000d7a80000,0x00000000d7a80000,0x00000000d8c80000)
 ParOldGen       total 561664K, used 555016K [0x0000000083800000, 0x00000000a5c80000, 0x00000000d6800000)
  object space 561664K, 98% used [0x0000000083800000,0x00000000a56020c0,0x00000000a5c80000)
 Metaspace       used 11208K, capacity 11476K, committed 11648K, reserved 1058816K
  class space    used 1234K, capacity 1326K, committed 1408K, reserved 1048576K
}
Event: 4663,773 GC heap before
{Heap before GC invocations=592 (full 12):
 PSYoungGen      total 18944K, used 13248K [0x00000000d6800000, 0x00000000d8c80000, 0x0000000100000000)
  eden space 512K, 100% used [0x00000000d6800000,0x00000000d6880000,0x00000000d6880000)
  from space 18432K, 69% used [0x00000000d6880000,0x00000000d74f0000,0x00000000d7a80000)
  to   space 18432K, 0% used [0x00000000d7a80000,0x00000000d7a80000,0x00000000d8c80000)
 ParOldGen       total 561664K, used 555016K [0x0000000083800000, 0x00000000a5c80000, 0x00000000d6800000)
  object space 561664K, 98% used [0x0000000083800000,0x00000000a56020c0,0x00000000a5c80000)
 Metaspace       used 11208K, capacity 11476K, committed 11648K, reserved 1058816K
  class space    used 1234K, capacity 1326K, committed 1408K, reserved 1048576K
Event: 4663,800 GC heap after
Heap after GC invocations=592 (full 12):
 PSYoungGen      total 17920K, used 10368K [0x00000000d6800000, 0x00000000d8b80000, 0x0000000100000000)
  eden space 512K, 0% used [0x00000000d6800000,0x00000000d6800000,0x00000000d6880000)
  from space 17408K, 59% used [0x00000000d7a80000,0x00000000d84a0000,0x00000000d8b80000)
  to   space 17920K, 0% used [0x00000000d6880000,0x00000000d6880000,0x00000000d7a00000)
 ParOldGen       total 561664K, used 557864K [0x0000000083800000, 0x00000000a5c80000, 0x00000000d6800000)
  object space 561664K, 99% used [0x0000000083800000,0x00000000a58ca0c0,0x00000000a5c80000)
 Metaspace       used 11208K, capacity 11476K, committed 11648K, reserved 1058816K
  class space    used 1234K, capacity 1326K, committed 1408K, reserved 1048576K
}
Event: 4667,626 GC heap before
{Heap before GC invocations=593 (full 12):
 PSYoungGen      total 17920K, used 10880K [0x00000000d6800000, 0x00000000d8b80000, 0x0000000100000000)
  eden space 512K, 100% used [0x00000000d6800000,0x00000000d6880000,0x00000000d6880000)
  from space 17408K, 59% used [0x00000000d7a80000,0x00000000d84a0000,0x00000000d8b80000)
  to   space 17920K, 0% used [0x00000000d6880000,0x00000000d6880000,0x00000000d7a00000)
 ParOldGen       total 561664K, used 557864K [0x0000000083800000, 0x00000000a5c80000, 0x00000000d6800000)
  object space 561664K, 99% used [0x0000000083800000,0x00000000a58ca0c0,0x00000000a5c80000)
 Metaspace       used 11208K, capacity 11476K, committed 11648K, reserved 1058816K
  class space    used 1234K, capacity 1326K, committed 1408K, reserved 1048576K
Event: 4667,651 GC heap after
Heap after GC invocations=593 (full 12):
 PSYoungGen      total 18432K, used 8096K [0x00000000d6800000, 0x00000000d8b80000, 0x0000000100000000)
  eden space 512K, 0% used [0x00000000d6800000,0x00000000d6800000,0x00000000d6880000)
  from space 17920K, 45% used [0x00000000d6880000,0x00000000d7068000,0x00000000d7a00000)
  to   space 17920K, 0% used [0x00000000d7a00000,0x00000000d7a00000,0x00000000d8b80000)
 ParOldGen       total 561664K, used 560712K [0x0000000083800000, 0x00000000a5c80000, 0x00000000d6800000)
  object space 561664K, 99% used [0x0000000083800000,0x00000000a5b920c0,0x00000000a5c80000)
 Metaspace       used 11208K, capacity 11476K, committed 11648K, reserved 1058816K
  class space    used 1234K, capacity 1326K, committed 1408K, reserved 1048576K
}
Event: 4667,651 GC heap before
{Heap before GC invocations=594 (full 13):
 PSYoungGen      total 18432K, used 8096K [0x00000000d6800000, 0x00000000d8b80000, 0x0000000100000000)
  eden space 512K, 0% used [0x00000000d6800000,0x00000000d6800000,0x00000000d6880000)
  from space 17920K, 45% used [0x00000000d6880000,0x00000000d7068000,0x00000000d7a00000)
  to   space 17920K, 0% used [0x00000000d7a00000,0x00000000d7a00000,0x00000000d8b80000)
 ParOldGen       total 561664K, used 560712K [0x0000000083800000, 0x00000000a5c80000, 0x00000000d6800000)
  object space 561664K, 99% used [0x0000000083800000,0x00000000a5b920c0,0x00000000a5c80000)
 Metaspace       used 11208K, capacity 11476K, committed 11648K, reserved 1058816K
  class space    used 1234K, capacity 1326K, committed 1408K, reserved 1048576K

