# JRE version: Java(TM) SE Runtime Environment (8.0_144-b01) (build 1.8.0_144-b01)
# Java VM: Java HotSpot(TM) 64-Bit Server VM (25.144-b01 mixed mode linux-amd64 compressed oops)
Heap:
 PSYoungGen      total 16384K, used 16054K [0x00000000d6800000, 0x00000000d8800000, 0x0000000100000000)
  eden space 1024K, 92% used [0x00000000d6800000,0x00000000d68ed9a0,0x00000000d6900000)
  from space 15360K, 98% used [0x00000000d6900000,0x00000000d77c0000,0x00000000d7800000)
  to   space 15872K, 0% used [0x00000000d7880000,0x00000000d7880000,0x00000000d8800000)
 ParOldGen       total 697856K, used 678699K [0x0000000083800000, 0x00000000ae180000, 0x00000000d6800000)
  object space 697856K, 97% used [0x0000000083800000,0x00000000acecad08,0x00000000ae180000)
 Metaspace       used 11183K, capacity 11420K, committed 11648K, reserved 1058816K
  class space    used 1230K, capacity 1326K, committed 1408K, reserved 1048576K
GC Heap History (10 events):
Event: 5665,643 GC heap before
{Heap before GC invocations=300 (full 13):
 PSYoungGen      total 16384K, used 15360K [0x00000000d6800000, 0x00000000d8700000, 0x0000000100000000)
  eden space 1024K, 100% used [0x00000000d6800000,0x00000000d6900000,0x00000000d6900000)
  from space 15360K, 93% used [0x00000000d7800000,0x00000000d8600000,0x00000000d8700000)
  to   space 15360K, 0% used [0x00000000d6900000,0x00000000d6900000,0x00000000d7800000)
 ParOldGen       total 697856K, used 674619K [0x0000000083800000, 0x00000000ae180000, 0x00000000d6800000)
  object space 697856K, 96% used [0x0000000083800000,0x00000000acaced08,0x00000000ae180000)
 Metaspace       used 11183K, capacity 11420K, committed 11648K, reserved 1058816K
  class space    used 1230K, capacity 1326K, committed 1408K, reserved 1048576K
Event: 5665,662 GC heap after
Heap after GC invocations=300 (full 13):
 PSYoungGen      total 16384K, used 14400K [0x00000000d6800000, 0x00000000d8700000, 0x0000000100000000)
  eden space 1024K, 0% used [0x00000000d6800000,0x00000000d6800000,0x00000000d6900000)
  from space 15360K, 93% used [0x00000000d6900000,0x00000000d7710000,0x00000000d7800000)
  to   space 15360K, 0% used [0x00000000d7800000,0x00000000d7800000,0x00000000d8700000)
 ParOldGen       total 697856K, used 675587K [0x0000000083800000, 0x00000000ae180000, 0x00000000d6800000)
  object space 697856K, 96% used [0x0000000083800000,0x00000000acbc0d08,0x00000000ae180000)
 Metaspace       used 11183K, capacity 11420K, committed 11648K, reserved 1058816K
  class space    used 1230K, capacity 1326K, committed 1408K, reserved 1048576K
}
Event: 5673,922 GC heap before
{Heap before GC invocations=301 (full 13):
 PSYoungGen      total 16384K, used 15424K [0x00000000d6800000, 0x00000000d8700000, 0x0000000100000000)
  eden space 1024K, 100% used [0x00000000d6800000,0x00000000d6900000,0x00000000d6900000)
  from space 15360K, 93% used [0x00000000d6900000,0x00000000d7710000,0x00000000d7800000)
  to   space 15360K, 0% used [0x00000000d7800000,0x00000000d7800000,0x00000000d8700000)
 ParOldGen       total 697856K, used 675587K [0x0000000083800000, 0x00000000ae180000, 0x00000000d6800000)
  object space 697856K, 96% used [0x0000000083800000,0x00000000acbc0d08,0x00000000ae180000)
 Metaspace       used 11183K, capacity 11420K, committed 11648K, reserved 1058816K
  class space    used 1230K, capacity 1326K, committed 1408K, reserved 1048576K
Event: 5673,940 GC heap after
Heap after GC invocations=301 (full 13):
 PSYoungGen      total 16384K, used 14400K [0x00000000d6800000, 0x00000000d8700000, 0x0000000100000000)
  eden space 1024K, 0% used [0x00000000d6800000,0x00000000d6800000,0x00000000d6900000)
  from space 15360K, 93% used [0x00000000d7800000,0x00000000d8610000,0x00000000d8700000)
  to   space 15360K, 0% used [0x00000000d6900000,0x00000000d6900000,0x00000000d7800000)
 ParOldGen       total 697856K, used 676555K [0x0000000083800000, 0x00000000ae180000, 0x00000000d6800000)
  object space 697856K, 96% used [0x0000000083800000,0x00000000accb2d08,0x00000000ae180000)
 Metaspace       used 11183K, capacity 11420K, committed 11648K, reserved 1058816K
  class space    used 1230K, capacity 1326K, committed 1408K, reserved 1048576K
}
Event: 5681,450 GC heap before
{Heap before GC invocations=302 (full 13):
 PSYoungGen      total 16384K, used 15424K [0x00000000d6800000, 0x00000000d8700000, 0x0000000100000000)
  eden space 1024K, 100% used [0x00000000d6800000,0x00000000d6900000,0x00000000d6900000)
  from space 15360K, 93% used [0x00000000d7800000,0x00000000d8610000,0x00000000d8700000)
  to   space 15360K, 0% used [0x00000000d6900000,0x00000000d6900000,0x00000000d7800000)
 ParOldGen       total 697856K, used 676555K [0x0000000083800000, 0x00000000ae180000, 0x00000000d6800000)
  object space 697856K, 96% used [0x0000000083800000,0x00000000accb2d08,0x00000000ae180000)
 Metaspace       used 11183K, capacity 11420K, committed 11648K, reserved 1058816K
  class space    used 1230K, capacity 1326K, committed 1408K, reserved 1048576K
Event: 5681,516 GC heap after
Heap after GC invocations=302 (full 13):
 PSYoungGen      total 16384K, used 14336K [0x00000000d6800000, 0x00000000d8700000, 0x0000000100000000)
  eden space 1024K, 0% used [0x00000000d6800000,0x00000000d6800000,0x00000000d6900000)
  from space 15360K, 93% used [0x00000000d6900000,0x00000000d7700000,0x00000000d7800000)
  to   space 15360K, 0% used [0x00000000d7800000,0x00000000d7800000,0x00000000d8700000)
 ParOldGen       total 697856K, used 677499K [0x0000000083800000, 0x00000000ae180000, 0x00000000d6800000)
  object space 697856K, 97% used [0x0000000083800000,0x00000000acd9ed08,0x00000000ae180000)
 Metaspace       used 11183K, capacity 11420K, committed 11648K, reserved 1058816K
  class space    used 1230K, capacity 1326K, committed 1408K, reserved 1048576K
}
Event: 5689,026 GC heap before
{Heap before GC invocations=303 (full 13):
 PSYoungGen      total 16384K, used 15360K [0x00000000d6800000, 0x00000000d8700000, 0x0000000100000000)
  eden space 1024K, 100% used [0x00000000d6800000,0x00000000d6900000,0x00000000d6900000)
  from space 15360K, 93% used [0x00000000d6900000,0x00000000d7700000,0x00000000d7800000)
  to   space 15360K, 0% used [0x00000000d7800000,0x00000000d7800000,0x00000000d8700000)
 ParOldGen       total 697856K, used 677499K [0x0000000083800000, 0x00000000ae180000, 0x00000000d6800000)
  object space 697856K, 97% used [0x0000000083800000,0x00000000acd9ed08,0x00000000ae180000)
 Metaspace       used 11183K, capacity 11420K, committed 11648K, reserved 1058816K
  class space    used 1230K, capacity 1326K, committed 1408K, reserved 1048576K
Event: 5689,043 GC heap after
Heap after GC invocations=303 (full 13):
 PSYoungGen      total 16384K, used 14368K [0x00000000d6800000, 0x00000000d8700000, 0x0000000100000000)
  eden space 1024K, 0% used [0x00000000d6800000,0x00000000d6800000,0x00000000d6900000)
  from space 15360K, 93% used [0x00000000d7800000,0x00000000d8608000,0x00000000d8700000)
  to   space 15360K, 0% used [0x00000000d6900000,0x00000000d6900000,0x00000000d7800000)
 ParOldGen       total 697856K, used 678459K [0x0000000083800000, 0x00000000ae180000, 0x00000000d6800000)
  object space 697856K, 97% used [0x0000000083800000,0x00000000ace8ed08,0x00000000ae180000)
 Metaspace       used 11183K, capacity 11420K, committed 11648K, reserved 1058816K
  class space    used 1230K, capacity 1326K, committed 1408K, reserved 1048576K
}
Event: 5696,629 GC heap before
{Heap before GC invocations=304 (full 13):
 PSYoungGen      total 16384K, used 15392K [0x00000000d6800000, 0x00000000d8700000, 0x0000000100000000)
  eden space 1024K, 100% used [0x00000000d6800000,0x00000000d6900000,0x00000000d6900000)
  from space 15360K, 93% used [0x00000000d7800000,0x00000000d8608000,0x00000000d8700000)
  to   space 15360K, 0% used [0x00000000d6900000,0x00000000d6900000,0x00000000d7800000)
 ParOldGen       total 697856K, used 678459K [0x0000000083800000, 0x00000000ae180000, 0x00000000d6800000)
  object space 697856K, 97% used [0x0000000083800000,0x00000000ace8ed08,0x00000000ae180000)
 Metaspace       used 11183K, capacity 11420K, committed 11648K, reserved 1058816K
  class space    used 1230K, capacity 1326K, committed 1408K, reserved 1048576K
Event: 5696,660 GC heap after
Heap after GC invocations=304 (full 13):
 PSYoungGen      total 16384K, used 15104K [0x00000000d6800000, 0x00000000d8800000, 0x0000000100000000)
  eden space 1024K, 0% used [0x00000000d6800000,0x00000000d6800000,0x00000000d6900000)
  from space 15360K, 98% used [0x00000000d6900000,0x00000000d77c0000,0x00000000d7800000)
  to   space 15872K, 0% used [0x00000000d7880000,0x00000000d7880000,0x00000000d8800000)
 ParOldGen       total 697856K, used 678699K [0x0000000083800000, 0x00000000ae180000, 0x00000000d6800000)
  object space 697856K, 97% used [0x0000000083800000,0x00000000acecad08,0x00000000ae180000)
 Metaspace       used 11183K, capacity 11420K, committed 11648K, reserved 1058816K
  class space    used 1230K, capacity 1326K, committed 1408K, reserved 1048576K
}

