# JRE version: Java(TM) SE Runtime Environment (8.0_144-b01) (build 1.8.0_144-b01)
# Java VM: Java HotSpot(TM) 64-Bit Server VM (25.144-b01 mixed mode linux-amd64 compressed oops)
Heap:
 PSYoungGen      total 15360K, used 12736K [0x00000000d6800000, 0x00000000d8480000, 0x0000000100000000)
  eden space 1536K, 0% used [0x00000000d6800000,0x00000000d6800000,0x00000000d6980000)
  from space 13824K, 92% used [0x00000000d7700000,0x00000000d8370000,0x00000000d8480000)
  to   space 13312K, 0% used [0x00000000d6980000,0x00000000d6980000,0x00000000d7680000)
 ParOldGen       total 700416K, used 694041K [0x0000000083800000, 0x00000000ae400000, 0x00000000d6800000)
  object space 700416K, 99% used [0x0000000083800000,0x00000000addc67e8,0x00000000ae400000)
 Metaspace       used 11209K, capacity 11484K, committed 11648K, reserved 1058816K
  class space    used 1230K, capacity 1326K, committed 1408K, reserved 1048576K
GC Heap History (10 events):
Event: 5768,716 GC heap after
Heap after GC invocations=916 (full 19):
 PSYoungGen      total 14336K, used 10880K [0x00000000d6800000, 0x00000000d8400000, 0x0000000100000000)
  eden space 512K, 0% used [0x00000000d6800000,0x00000000d6800000,0x00000000d6880000)
  from space 13824K, 78% used [0x00000000d6880000,0x00000000d7320000,0x00000000d7600000)
  to   space 13824K, 0% used [0x00000000d7680000,0x00000000d7680000,0x00000000d8400000)
 ParOldGen       total 700416K, used 690681K [0x0000000083800000, 0x00000000ae400000, 0x00000000d6800000)
  object space 700416K, 98% used [0x0000000083800000,0x00000000ada7e7e8,0x00000000ae400000)
 Metaspace       used 11209K, capacity 11484K, committed 11648K, reserved 1058816K
  class space    used 1230K, capacity 1326K, committed 1408K, reserved 1048576K
}
Event: 5772,473 GC heap before
{Heap before GC invocations=917 (full 19):
 PSYoungGen      total 14336K, used 11392K [0x00000000d6800000, 0x00000000d8400000, 0x0000000100000000)
  eden space 512K, 100% used [0x00000000d6800000,0x00000000d6880000,0x00000000d6880000)
  from space 13824K, 78% used [0x00000000d6880000,0x00000000d7320000,0x00000000d7600000)
  to   space 13824K, 0% used [0x00000000d7680000,0x00000000d7680000,0x00000000d8400000)
 ParOldGen       total 700416K, used 690681K [0x0000000083800000, 0x00000000ae400000, 0x00000000d6800000)
  object space 700416K, 98% used [0x0000000083800000,0x00000000ada7e7e8,0x00000000ae400000)
 Metaspace       used 11209K, capacity 11484K, committed 11648K, reserved 1058816K
  class space    used 1230K, capacity 1326K, committed 1408K, reserved 1048576K
Event: 5772,490 GC heap after
Heap after GC invocations=917 (full 19):
 PSYoungGen      total 14848K, used 9440K [0x00000000d6800000, 0x00000000d8400000, 0x0000000100000000)
  eden space 1024K, 0% used [0x00000000d6800000,0x00000000d6800000,0x00000000d6900000)
  from space 13824K, 68% used [0x00000000d7680000,0x00000000d7fb8000,0x00000000d8400000)
  to   space 13824K, 0% used [0x00000000d6900000,0x00000000d6900000,0x00000000d7680000)
 ParOldGen       total 700416K, used 692593K [0x0000000083800000, 0x00000000ae400000, 0x00000000d6800000)
  object space 700416K, 98% used [0x0000000083800000,0x00000000adc5c7e8,0x00000000ae400000)
 Metaspace       used 11209K, capacity 11484K, committed 11648K, reserved 1058816K
  class space    used 1230K, capacity 1326K, committed 1408K, reserved 1048576K
}
Event: 5780,000 GC heap before
{Heap before GC invocations=918 (full 19):
 PSYoungGen      total 14848K, used 10464K [0x00000000d6800000, 0x00000000d8400000, 0x0000000100000000)
  eden space 1024K, 100% used [0x00000000d6800000,0x00000000d6900000,0x00000000d6900000)
  from space 13824K, 68% used [0x00000000d7680000,0x00000000d7fb8000,0x00000000d8400000)
  to   space 13824K, 0% used [0x00000000d6900000,0x00000000d6900000,0x00000000d7680000)
 ParOldGen       total 700416K, used 692593K [0x0000000083800000, 0x00000000ae400000, 0x00000000d6800000)
  object space 700416K, 98% used [0x0000000083800000,0x00000000adc5c7e8,0x00000000ae400000)
 Metaspace       used 11209K, capacity 11484K, committed 11648K, reserved 1058816K
  class space    used 1230K, capacity 1326K, committed 1408K, reserved 1048576K
Event: 5780,015 GC heap after
Heap after GC invocations=918 (full 19):
 PSYoungGen      total 14848K, used 9472K [0x00000000d6800000, 0x00000000d8480000, 0x0000000100000000)
  eden space 1024K, 0% used [0x00000000d6800000,0x00000000d6800000,0x00000000d6900000)
  from space 13824K, 68% used [0x00000000d6900000,0x00000000d7240000,0x00000000d7680000)
  to   space 13824K, 0% used [0x00000000d7700000,0x00000000d7700000,0x00000000d8480000)
 ParOldGen       total 700416K, used 693553K [0x0000000083800000, 0x00000000ae400000, 0x00000000d6800000)
  object space 700416K, 99% used [0x0000000083800000,0x00000000add4c7e8,0x00000000ae400000)
 Metaspace       used 11209K, capacity 11484K, committed 11648K, reserved 1058816K
  class space    used 1230K, capacity 1326K, committed 1408K, reserved 1048576K
}
Event: 5787,528 GC heap before
{Heap before GC invocations=919 (full 19):
 PSYoungGen      total 14848K, used 10496K [0x00000000d6800000, 0x00000000d8480000, 0x0000000100000000)
  eden space 1024K, 100% used [0x00000000d6800000,0x00000000d6900000,0x00000000d6900000)
  from space 13824K, 68% used [0x00000000d6900000,0x00000000d7240000,0x00000000d7680000)
  to   space 13824K, 0% used [0x00000000d7700000,0x00000000d7700000,0x00000000d8480000)
 ParOldGen       total 700416K, used 693553K [0x0000000083800000, 0x00000000ae400000, 0x00000000d6800000)
  object space 700416K, 99% used [0x0000000083800000,0x00000000add4c7e8,0x00000000ae400000)
 Metaspace       used 11209K, capacity 11484K, committed 11648K, reserved 1058816K
  class space    used 1230K, capacity 1326K, committed 1408K, reserved 1048576K
Event: 5787,546 GC heap after
Heap after GC invocations=919 (full 19):
 PSYoungGen      total 14336K, used 10400K [0x00000000d6800000, 0x00000000d8380000, 0x0000000100000000)
  eden space 1536K, 0% used [0x00000000d6800000,0x00000000d6800000,0x00000000d6980000)
  from space 12800K, 81% used [0x00000000d7700000,0x00000000d8128000,0x00000000d8380000)
  to   space 13312K, 0% used [0x00000000d6980000,0x00000000d6980000,0x00000000d7680000)
 ParOldGen       total 700416K, used 693553K [0x0000000083800000, 0x00000000ae400000, 0x00000000d6800000)
  object space 700416K, 99% used [0x0000000083800000,0x00000000add4c7e8,0x00000000ae400000)
 Metaspace       used 11209K, capacity 11484K, committed 11648K, reserved 1058816K
  class space    used 1230K, capacity 1326K, committed 1408K, reserved 1048576K
}
Event: 5799,590 GC heap before
{Heap before GC invocations=920 (full 19):
 PSYoungGen      total 14336K, used 11936K [0x00000000d6800000, 0x00000000d8380000, 0x0000000100000000)
  eden space 1536K, 100% used [0x00000000d6800000,0x00000000d6980000,0x00000000d6980000)
  from space 12800K, 81% used [0x00000000d7700000,0x00000000d8128000,0x00000000d8380000)
  to   space 13312K, 0% used [0x00000000d6980000,0x00000000d6980000,0x00000000d7680000)
 ParOldGen       total 700416K, used 693553K [0x0000000083800000, 0x00000000ae400000, 0x00000000d6800000)
  object space 700416K, 99% used [0x0000000083800000,0x00000000add4c7e8,0x00000000ae400000)
 Metaspace       used 11209K, capacity 11484K, committed 11648K, reserved 1058816K
  class space    used 1230K, capacity 1326K, committed 1408K, reserved 1048576K
Event: 5799,616 GC heap after
Heap after GC invocations=920 (full 19):
 PSYoungGen      total 14848K, used 11776K [0x00000000d6800000, 0x00000000d8480000, 0x0000000100000000)
  eden space 1536K, 0% used [0x00000000d6800000,0x00000000d6800000,0x00000000d6980000)
  from space 13312K, 88% used [0x00000000d6980000,0x00000000d7500000,0x00000000d7680000)
  to   space 13824K, 0% used [0x00000000d7700000,0x00000000d7700000,0x00000000d8480000)
 ParOldGen       total 700416K, used 693553K [0x0000000083800000, 0x00000000ae400000, 0x00000000d6800000)
  object space 700416K, 99% used [0x0000000083800000,0x00000000add4c7e8,0x00000000ae400000)
 Metaspace       used 11209K, capacity 11484K, committed 11648K, reserved 1058816K
  class space    used 1230K, capacity 1326K, committed 1408K, reserved 1048576K
}
Event: 5811,125 GC heap before
{Heap before GC invocations=921 (full 19):
 PSYoungGen      total 14848K, used 13312K [0x00000000d6800000, 0x00000000d8480000, 0x0000000100000000)
  eden space 1536K, 100% used [0x00000000d6800000,0x00000000d6980000,0x00000000d6980000)
  from space 13312K, 88% used [0x00000000d6980000,0x00000000d7500000,0x00000000d7680000)
  to   space 13824K, 0% used [0x00000000d7700000,0x00000000d7700000,0x00000000d8480000)
 ParOldGen       total 700416K, used 693553K [0x0000000083800000, 0x00000000ae400000, 0x00000000d6800000)
  object space 700416K, 99% used [0x0000000083800000,0x00000000add4c7e8,0x00000000ae400000)
 Metaspace       used 11209K, capacity 11484K, committed 11648K, reserved 1058816K
  class space    used 1230K, capacity 1326K, committed 1408K, reserved 1048576K

