# JRE version: Java(TM) SE Runtime Environment (8.0_144-b01) (build 1.8.0_144-b01)
# Java VM: Java HotSpot(TM) 64-Bit Server VM (25.144-b01 mixed mode linux-amd64 compressed oops)
Heap:
 PSYoungGen      total 9216K, used 4064K [0x00000000d6800000, 0x00000000d7980000, 0x0000000100000000)
  eden space 512K, 0% used [0x00000000d6800000,0x00000000d6800000,0x00000000d6880000)
  from space 8704K, 46% used [0x00000000d7100000,0x00000000d74f8168,0x00000000d7980000)
  to   space 8704K, 0% used [0x00000000d6880000,0x00000000d6880000,0x00000000d7100000)
 ParOldGen       total 385024K, used 384575K [0x0000000083800000, 0x000000009b000000, 0x00000000d6800000)
  object space 385024K, 99% used [0x0000000083800000,0x000000009af8fdf8,0x000000009b000000)
 Metaspace       used 11209K, capacity 11412K, committed 11648K, reserved 1058816K
  class space    used 1236K, capacity 1326K, committed 1408K, reserved 1048576K
GC Heap History (10 events):
Event: 3175,586 GC heap after
Heap after GC invocations=360 (full 6):
 PSYoungGen      total 9216K, used 7128K [0x00000000d6800000, 0x00000000d7980000, 0x0000000100000000)
  eden space 512K, 0% used [0x00000000d6800000,0x00000000d6800000,0x00000000d6880000)
  from space 8704K, 81% used [0x00000000d7100000,0x00000000d77f61a8,0x00000000d7980000)
  to   space 8704K, 0% used [0x00000000d6880000,0x00000000d6880000,0x00000000d7100000)
 ParOldGen       total 385024K, used 381119K [0x0000000083800000, 0x000000009b000000, 0x00000000d6800000)
  object space 385024K, 98% used [0x0000000083800000,0x000000009ac2ffc8,0x000000009b000000)
 Metaspace       used 11209K, capacity 11412K, committed 11648K, reserved 1058816K
  class space    used 1236K, capacity 1326K, committed 1408K, reserved 1048576K
}
Event: 3179,340 GC heap before
{Heap before GC invocations=361 (full 6):
 PSYoungGen      total 9216K, used 7640K [0x00000000d6800000, 0x00000000d7980000, 0x0000000100000000)
  eden space 512K, 100% used [0x00000000d6800000,0x00000000d6880000,0x00000000d6880000)
  from space 8704K, 81% used [0x00000000d7100000,0x00000000d77f61a8,0x00000000d7980000)
  to   space 8704K, 0% used [0x00000000d6880000,0x00000000d6880000,0x00000000d7100000)
 ParOldGen       total 385024K, used 381119K [0x0000000083800000, 0x000000009b000000, 0x00000000d6800000)
  object space 385024K, 98% used [0x0000000083800000,0x000000009ac2ffc8,0x000000009b000000)
 Metaspace       used 11209K, capacity 11412K, committed 11648K, reserved 1058816K
  class space    used 1236K, capacity 1326K, committed 1408K, reserved 1048576K
Event: 3179,398 GC heap after
Heap after GC invocations=361 (full 6):
 PSYoungGen      total 9216K, used 7128K [0x00000000d6800000, 0x00000000d7980000, 0x0000000100000000)
  eden space 512K, 0% used [0x00000000d6800000,0x00000000d6800000,0x00000000d6880000)
  from space 8704K, 81% used [0x00000000d6880000,0x00000000d6f761a8,0x00000000d7100000)
  to   space 8704K, 0% used [0x00000000d7100000,0x00000000d7100000,0x00000000d7980000)
 ParOldGen       total 385024K, used 381599K [0x0000000083800000, 0x000000009b000000, 0x00000000d6800000)
  object space 385024K, 99% used [0x0000000083800000,0x000000009aca7fc8,0x000000009b000000)
 Metaspace       used 11209K, capacity 11412K, committed 11648K, reserved 1058816K
  class space    used 1236K, capacity 1326K, committed 1408K, reserved 1048576K
}
Event: 3183,159 GC heap before
{Heap before GC invocations=362 (full 6):
 PSYoungGen      total 9216K, used 7640K [0x00000000d6800000, 0x00000000d7980000, 0x0000000100000000)
  eden space 512K, 100% used [0x00000000d6800000,0x00000000d6880000,0x00000000d6880000)
  from space 8704K, 81% used [0x00000000d6880000,0x00000000d6f761a8,0x00000000d7100000)
  to   space 8704K, 0% used [0x00000000d7100000,0x00000000d7100000,0x00000000d7980000)
 ParOldGen       total 385024K, used 381599K [0x0000000083800000, 0x000000009b000000, 0x00000000d6800000)
  object space 385024K, 99% used [0x0000000083800000,0x000000009aca7fc8,0x000000009b000000)
 Metaspace       used 11209K, capacity 11412K, committed 11648K, reserved 1058816K
  class space    used 1236K, capacity 1326K, committed 1408K, reserved 1048576K
Event: 3183,183 GC heap after
Heap after GC invocations=362 (full 6):
 PSYoungGen      total 9216K, used 6680K [0x00000000d6800000, 0x00000000d7980000, 0x0000000100000000)
  eden space 512K, 0% used [0x00000000d6800000,0x00000000d6800000,0x00000000d6880000)
  from space 8704K, 76% used [0x00000000d7100000,0x00000000d77861a8,0x00000000d7980000)
  to   space 8704K, 0% used [0x00000000d6880000,0x00000000d6880000,0x00000000d7100000)
 ParOldGen       total 385024K, used 382551K [0x0000000083800000, 0x000000009b000000, 0x00000000d6800000)
  object space 385024K, 99% used [0x0000000083800000,0x000000009ad95fc8,0x000000009b000000)
 Metaspace       used 11209K, capacity 11412K, committed 11648K, reserved 1058816K
  class space    used 1236K, capacity 1326K, committed 1408K, reserved 1048576K
}
Event: 3187,712 GC heap before
{Heap before GC invocations=363 (full 6):
 PSYoungGen      total 9216K, used 7192K [0x00000000d6800000, 0x00000000d7980000, 0x0000000100000000)
  eden space 512K, 100% used [0x00000000d6800000,0x00000000d6880000,0x00000000d6880000)
  from space 8704K, 76% used [0x00000000d7100000,0x00000000d77861a8,0x00000000d7980000)
  to   space 8704K, 0% used [0x00000000d6880000,0x00000000d6880000,0x00000000d7100000)
 ParOldGen       total 385024K, used 382551K [0x0000000083800000, 0x000000009b000000, 0x00000000d6800000)
  object space 385024K, 99% used [0x0000000083800000,0x000000009ad95fc8,0x000000009b000000)
 Metaspace       used 11209K, capacity 11412K, committed 11648K, reserved 1058816K
  class space    used 1236K, capacity 1326K, committed 1408K, reserved 1048576K
Event: 3187,724 GC heap after
Heap after GC invocations=363 (full 6):
 PSYoungGen      total 9216K, used 6168K [0x00000000d6800000, 0x00000000d7980000, 0x0000000100000000)
  eden space 512K, 0% used [0x00000000d6800000,0x00000000d6800000,0x00000000d6880000)
  from space 8704K, 70% used [0x00000000d6880000,0x00000000d6e861a8,0x00000000d7100000)
  to   space 8704K, 0% used [0x00000000d7100000,0x00000000d7100000,0x00000000d7980000)
 ParOldGen       total 385024K, used 383519K [0x0000000083800000, 0x000000009b000000, 0x00000000d6800000)
  object space 385024K, 99% used [0x0000000083800000,0x000000009ae87fc8,0x000000009b000000)
 Metaspace       used 11209K, capacity 11412K, committed 11648K, reserved 1058816K
  class space    used 1236K, capacity 1326K, committed 1408K, reserved 1048576K
}
Event: 3191,518 GC heap before
{Heap before GC invocations=364 (full 6):
 PSYoungGen      total 9216K, used 6680K [0x00000000d6800000, 0x00000000d7980000, 0x0000000100000000)
  eden space 512K, 100% used [0x00000000d6800000,0x00000000d6880000,0x00000000d6880000)
  from space 8704K, 70% used [0x00000000d6880000,0x00000000d6e861a8,0x00000000d7100000)
  to   space 8704K, 0% used [0x00000000d7100000,0x00000000d7100000,0x00000000d7980000)
 ParOldGen       total 385024K, used 383519K [0x0000000083800000, 0x000000009b000000, 0x00000000d6800000)
  object space 385024K, 99% used [0x0000000083800000,0x000000009ae87fc8,0x000000009b000000)
 Metaspace       used 11209K, capacity 11412K, committed 11648K, reserved 1058816K
  class space    used 1236K, capacity 1326K, committed 1408K, reserved 1048576K
Event: 3191,533 GC heap after
Heap after GC invocations=364 (full 6):
 PSYoungGen      total 9216K, used 5696K [0x00000000d6800000, 0x00000000d7980000, 0x0000000100000000)
  eden space 512K, 0% used [0x00000000d6800000,0x00000000d6800000,0x00000000d6880000)
  from space 8704K, 65% used [0x00000000d7100000,0x00000000d7690000,0x00000000d7980000)
  to   space 8704K, 0% used [0x00000000d6880000,0x00000000d6880000,0x00000000d7100000)
 ParOldGen       total 385024K, used 384487K [0x0000000083800000, 0x000000009b000000, 0x00000000d6800000)
  object space 385024K, 99% used [0x0000000083800000,0x000000009af79fc8,0x000000009b000000)
 Metaspace       used 11209K, capacity 11412K, committed 11648K, reserved 1058816K
  class space    used 1236K, capacity 1326K, committed 1408K, reserved 1048576K
}
Event: 3191,533 GC heap before
{Heap before GC invocations=365 (full 7):
 PSYoungGen      total 9216K, used 5696K [0x00000000d6800000, 0x00000000d7980000, 0x0000000100000000)
  eden space 512K, 0% used [0x00000000d6800000,0x00000000d6800000,0x00000000d6880000)
  from space 8704K, 65% used [0x00000000d7100000,0x00000000d7690000,0x00000000d7980000)
  to   space 8704K, 0% used [0x00000000d6880000,0x00000000d6880000,0x00000000d7100000)
 ParOldGen       total 385024K, used 384487K [0x0000000083800000, 0x000000009b000000, 0x00000000d6800000)
  object space 385024K, 99% used [0x0000000083800000,0x000000009af79fc8,0x000000009b000000)
 Metaspace       used 11209K, capacity 11412K, committed 11648K, reserved 1058816K
  class space    used 1236K, capacity 1326K, committed 1408K, reserved 1048576K

