# JRE version: Java(TM) SE Runtime Environment (8.0_144-b01) (build 1.8.0_144-b01)
# Java VM: Java HotSpot(TM) 64-Bit Server VM (25.144-b01 mixed mode linux-amd64 compressed oops)
Heap:
 PSYoungGen      total 122880K, used 21341K [0x00000000d6800000, 0x00000000e5900000, 0x0000000100000000)
  eden space 512K, 0% used [0x00000000d6800000,0x00000000d6800000,0x00000000d6880000)
  from space 122368K, 17% used [0x00000000d6880000,0x00000000d7d576f0,0x00000000de000000)
  to   space 122880K, 0% used [0x00000000de100000,0x00000000de100000,0x00000000e5900000)
 ParOldGen       total 250368K, used 250144K [0x0000000083800000, 0x0000000092c80000, 0x00000000d6800000)
  object space 250368K, 99% used [0x0000000083800000,0x0000000092c48230,0x0000000092c80000)
 Metaspace       used 11188K, capacity 11472K, committed 11648K, reserved 1058816K
  class space    used 1231K, capacity 1326K, committed 1408K, reserved 1048576K
GC Heap History (10 events):
Event: 2116,464 GC heap after
Heap after GC invocations=13 (full 2):
 PSYoungGen      total 103424K, used 81120K [0x00000000d6800000, 0x00000000e3900000, 0x0000000100000000)
  eden space 12288K, 0% used [0x00000000d6800000,0x00000000d6800000,0x00000000d7400000)
  from space 91136K, 89% used [0x00000000d7400000,0x00000000dc338000,0x00000000dcd00000)
  to   space 100864K, 0% used [0x00000000dd680000,0x00000000dd680000,0x00000000e3900000)
 ParOldGen       total 228864K, used 178291K [0x0000000083800000, 0x0000000091780000, 0x00000000d6800000)
  object space 228864K, 77% used [0x0000000083800000,0x000000008e61cdf8,0x0000000091780000)
 Metaspace       used 11199K, capacity 11490K, committed 11648K, reserved 1058816K
  class space    used 1235K, capacity 1333K, committed 1408K, reserved 1048576K
}
Event: 2208,081 GC heap before
{Heap before GC invocations=14 (full 2):
 PSYoungGen      total 103424K, used 93408K [0x00000000d6800000, 0x00000000e3900000, 0x0000000100000000)
  eden space 12288K, 100% used [0x00000000d6800000,0x00000000d7400000,0x00000000d7400000)
  from space 91136K, 89% used [0x00000000d7400000,0x00000000dc338000,0x00000000dcd00000)
  to   space 100864K, 0% used [0x00000000dd680000,0x00000000dd680000,0x00000000e3900000)
 ParOldGen       total 228864K, used 178291K [0x0000000083800000, 0x0000000091780000, 0x00000000d6800000)
  object space 228864K, 77% used [0x0000000083800000,0x000000008e61cdf8,0x0000000091780000)
 Metaspace       used 11199K, capacity 11490K, committed 11648K, reserved 1058816K
  class space    used 1235K, capacity 1333K, committed 1408K, reserved 1048576K
Event: 2208,180 GC heap after
Heap after GC invocations=14 (full 2):
 PSYoungGen      total 101376K, used 92384K [0x00000000d6800000, 0x00000000e5000000, 0x0000000100000000)
  eden space 512K, 0% used [0x00000000d6800000,0x00000000d6800000,0x00000000d6880000)
  from space 100864K, 91% used [0x00000000dd680000,0x00000000e30b8000,0x00000000e3900000)
  to   space 112640K, 0% used [0x00000000d6880000,0x00000000d6880000,0x00000000dd680000)
 ParOldGen       total 228864K, used 178291K [0x0000000083800000, 0x0000000091780000, 0x00000000d6800000)
  object space 228864K, 77% used [0x0000000083800000,0x000000008e61cdf8,0x0000000091780000)
 Metaspace       used 11199K, capacity 11490K, committed 11648K, reserved 1058816K
  class space    used 1235K, capacity 1333K, committed 1408K, reserved 1048576K
}
Event: 2211,935 GC heap before
{Heap before GC invocations=15 (full 2):
 PSYoungGen      total 101376K, used 92896K [0x00000000d6800000, 0x00000000e5000000, 0x0000000100000000)
  eden space 512K, 100% used [0x00000000d6800000,0x00000000d6880000,0x00000000d6880000)
  from space 100864K, 91% used [0x00000000dd680000,0x00000000e30b8000,0x00000000e3900000)
  to   space 112640K, 0% used [0x00000000d6880000,0x00000000d6880000,0x00000000dd680000)
 ParOldGen       total 228864K, used 178291K [0x0000000083800000, 0x0000000091780000, 0x00000000d6800000)
  object space 228864K, 77% used [0x0000000083800000,0x000000008e61cdf8,0x0000000091780000)
 Metaspace       used 11199K, capacity 11490K, committed 11648K, reserved 1058816K
  class space    used 1235K, capacity 1333K, committed 1408K, reserved 1048576K
Event: 2212,017 GC heap after
Heap after GC invocations=15 (full 2):
 PSYoungGen      total 113152K, used 92864K [0x00000000d6800000, 0x00000000e5780000, 0x0000000100000000)
  eden space 512K, 0% used [0x00000000d6800000,0x00000000d6800000,0x00000000d6880000)
  from space 112640K, 82% used [0x00000000d6880000,0x00000000dc330000,0x00000000dd680000)
  to   space 122368K, 0% used [0x00000000de000000,0x00000000de000000,0x00000000e5780000)
 ParOldGen       total 228864K, used 178291K [0x0000000083800000, 0x0000000091780000, 0x00000000d6800000)
  object space 228864K, 77% used [0x0000000083800000,0x000000008e61cdf8,0x0000000091780000)
 Metaspace       used 11199K, capacity 11490K, committed 11648K, reserved 1058816K
  class space    used 1235K, capacity 1333K, committed 1408K, reserved 1048576K
}
Event: 2215,772 GC heap before
{Heap before GC invocations=16 (full 2):
 PSYoungGen      total 113152K, used 93376K [0x00000000d6800000, 0x00000000e5780000, 0x0000000100000000)
  eden space 512K, 100% used [0x00000000d6800000,0x00000000d6880000,0x00000000d6880000)
  from space 112640K, 82% used [0x00000000d6880000,0x00000000dc330000,0x00000000dd680000)
  to   space 122368K, 0% used [0x00000000de000000,0x00000000de000000,0x00000000e5780000)
 ParOldGen       total 228864K, used 178291K [0x0000000083800000, 0x0000000091780000, 0x00000000d6800000)
  object space 228864K, 77% used [0x0000000083800000,0x000000008e61cdf8,0x0000000091780000)
 Metaspace       used 11199K, capacity 11490K, committed 11648K, reserved 1058816K
  class space    used 1235K, capacity 1333K, committed 1408K, reserved 1048576K
Event: 2215,857 GC heap after
Heap after GC invocations=16 (full 2):
 PSYoungGen      total 122880K, used 77440K [0x00000000d6800000, 0x00000000e5c00000, 0x0000000100000000)
  eden space 512K, 0% used [0x00000000d6800000,0x00000000d6800000,0x00000000d6880000)
  from space 122368K, 63% used [0x00000000de000000,0x00000000e2ba0000,0x00000000e5780000)
  to   space 122368K, 0% used [0x00000000d6880000,0x00000000d6880000,0x00000000de000000)
 ParOldGen       total 228864K, used 194291K [0x0000000083800000, 0x0000000091780000, 0x00000000d6800000)
  object space 228864K, 84% used [0x0000000083800000,0x000000008f5bcdf8,0x0000000091780000)
 Metaspace       used 11199K, capacity 11490K, committed 11648K, reserved 1058816K
  class space    used 1235K, capacity 1333K, committed 1408K, reserved 1048576K
}
Event: 2219,612 GC heap before
{Heap before GC invocations=17 (full 2):
 PSYoungGen      total 122880K, used 77952K [0x00000000d6800000, 0x00000000e5c00000, 0x0000000100000000)
  eden space 512K, 100% used [0x00000000d6800000,0x00000000d6880000,0x00000000d6880000)
  from space 122368K, 63% used [0x00000000de000000,0x00000000e2ba0000,0x00000000e5780000)
  to   space 122368K, 0% used [0x00000000d6880000,0x00000000d6880000,0x00000000de000000)
 ParOldGen       total 228864K, used 194291K [0x0000000083800000, 0x0000000091780000, 0x00000000d6800000)
  object space 228864K, 84% used [0x0000000083800000,0x000000008f5bcdf8,0x0000000091780000)
 Metaspace       used 11199K, capacity 11490K, committed 11648K, reserved 1058816K
  class space    used 1235K, capacity 1333K, committed 1408K, reserved 1048576K
Event: 2219,743 GC heap after
Heap after GC invocations=17 (full 2):
 PSYoungGen      total 122880K, used 24032K [0x00000000d6800000, 0x00000000e5900000, 0x0000000100000000)
  eden space 512K, 0% used [0x00000000d6800000,0x00000000d6800000,0x00000000d6880000)
  from space 122368K, 19% used [0x00000000d6880000,0x00000000d7ff8000,0x00000000de000000)
  to   space 122880K, 0% used [0x00000000de100000,0x00000000de100000,0x00000000e5900000)
 ParOldGen       total 250368K, used 248379K [0x0000000083800000, 0x0000000092c80000, 0x00000000d6800000)
  object space 250368K, 99% used [0x0000000083800000,0x0000000092a8edf8,0x0000000092c80000)
 Metaspace       used 11199K, capacity 11490K, committed 11648K, reserved 1058816K
  class space    used 1235K, capacity 1333K, committed 1408K, reserved 1048576K
}
Event: 2219,744 GC heap before
{Heap before GC invocations=18 (full 3):
 PSYoungGen      total 122880K, used 24032K [0x00000000d6800000, 0x00000000e5900000, 0x0000000100000000)
  eden space 512K, 0% used [0x00000000d6800000,0x00000000d6800000,0x00000000d6880000)
  from space 122368K, 19% used [0x00000000d6880000,0x00000000d7ff8000,0x00000000de000000)
  to   space 122880K, 0% used [0x00000000de100000,0x00000000de100000,0x00000000e5900000)
 ParOldGen       total 250368K, used 248379K [0x0000000083800000, 0x0000000092c80000, 0x00000000d6800000)
  object space 250368K, 99% used [0x0000000083800000,0x0000000092a8edf8,0x0000000092c80000)
 Metaspace       used 11199K, capacity 11490K, committed 11648K, reserved 1058816K
  class space    used 1235K, capacity 1333K, committed 1408K, reserved 1048576K

