# JRE version: Java(TM) SE Runtime Environment (8.0_144-b01) (build 1.8.0_144-b01)
# Java VM: Java HotSpot(TM) 64-Bit Server VM (25.144-b01 mixed mode linux-amd64 compressed oops)
Heap:
 PSYoungGen      total 7680K, used 5024K [0x00000000d6800000, 0x00000000d7780000, 0x0000000100000000)
  eden space 512K, 100% used [0x00000000d6800000,0x00000000d6880000,0x00000000d6880000)
  from space 7168K, 62% used [0x00000000d6880000,0x00000000d6ce8000,0x00000000d6f80000)
  to   space 7680K, 0% used [0x00000000d7000000,0x00000000d7000000,0x00000000d7780000)
 ParOldGen       total 506880K, used 490629K [0x0000000083800000, 0x00000000a2700000, 0x00000000d6800000)
  object space 506880K, 96% used [0x0000000083800000,0x00000000a1721468,0x00000000a2700000)
 Metaspace       used 11087K, capacity 11264K, committed 11648K, reserved 1058816K
  class space    used 1232K, capacity 1324K, committed 1408K, reserved 1048576K
GC Heap History (10 events):
Event: 5377,160 GC heap before
{Heap before GC invocations=197 (full 8):
 PSYoungGen      total 8192K, used 2592K [0x00000000d6800000, 0x00000000d7880000, 0x0000000100000000)
  eden space 512K, 100% used [0x00000000d6800000,0x00000000d6880000,0x00000000d6880000)
  from space 7680K, 27% used [0x00000000d7100000,0x00000000d7308000,0x00000000d7880000)
  to   space 8192K, 0% used [0x00000000d6880000,0x00000000d6880000,0x00000000d7080000)
 ParOldGen       total 506880K, used 490629K [0x0000000083800000, 0x00000000a2700000, 0x00000000d6800000)
  object space 506880K, 96% used [0x0000000083800000,0x00000000a1721468,0x00000000a2700000)
 Metaspace       used 11087K, capacity 11264K, committed 11648K, reserved 1058816K
  class space    used 1232K, capacity 1324K, committed 1408K, reserved 1048576K
Event: 5377,168 GC heap after
Heap after GC invocations=197 (full 8):
 PSYoungGen      total 3072K, used 2560K [0x00000000d6800000, 0x00000000d7780000, 0x0000000100000000)
  eden space 512K, 0% used [0x00000000d6800000,0x00000000d6800000,0x00000000d6880000)
  from space 2560K, 100% used [0x00000000d6880000,0x00000000d6b00000,0x00000000d6b00000)
  to   space 7680K, 0% used [0x00000000d7000000,0x00000000d7000000,0x00000000d7780000)
 ParOldGen       total 506880K, used 490629K [0x0000000083800000, 0x00000000a2700000, 0x00000000d6800000)
  object space 506880K, 96% used [0x0000000083800000,0x00000000a1721468,0x00000000a2700000)
 Metaspace       used 11087K, capacity 11264K, committed 11648K, reserved 1058816K
  class space    used 1232K, capacity 1324K, committed 1408K, reserved 1048576K
}
Event: 5383,173 GC heap before
{Heap before GC invocations=198 (full 8):
 PSYoungGen      total 3072K, used 3072K [0x00000000d6800000, 0x00000000d7780000, 0x0000000100000000)
  eden space 512K, 100% used [0x00000000d6800000,0x00000000d6880000,0x00000000d6880000)
  from space 2560K, 100% used [0x00000000d6880000,0x00000000d6b00000,0x00000000d6b00000)
  to   space 7680K, 0% used [0x00000000d7000000,0x00000000d7000000,0x00000000d7780000)
 ParOldGen       total 506880K, used 490629K [0x0000000083800000, 0x00000000a2700000, 0x00000000d6800000)
  object space 506880K, 96% used [0x0000000083800000,0x00000000a1721468,0x00000000a2700000)
 Metaspace       used 11087K, capacity 11264K, committed 11648K, reserved 1058816K
  class space    used 1232K, capacity 1324K, committed 1408K, reserved 1048576K
Event: 5383,182 GC heap after
Heap after GC invocations=198 (full 8):
 PSYoungGen      total 7168K, used 3040K [0x00000000d6800000, 0x00000000d7680000, 0x0000000100000000)
  eden space 512K, 0% used [0x00000000d6800000,0x00000000d6800000,0x00000000d6880000)
  from space 6656K, 45% used [0x00000000d7000000,0x00000000d72f8000,0x00000000d7680000)
  to   space 7168K, 0% used [0x00000000d6880000,0x00000000d6880000,0x00000000d6f80000)
 ParOldGen       total 506880K, used 490629K [0x0000000083800000, 0x00000000a2700000, 0x00000000d6800000)
  object space 506880K, 96% used [0x0000000083800000,0x00000000a1721468,0x00000000a2700000)
 Metaspace       used 11087K, capacity 11264K, committed 11648K, reserved 1058816K
  class space    used 1232K, capacity 1324K, committed 1408K, reserved 1048576K
}
Event: 5388,190 GC heap before
{Heap before GC invocations=199 (full 8):
 PSYoungGen      total 7168K, used 3552K [0x00000000d6800000, 0x00000000d7680000, 0x0000000100000000)
  eden space 512K, 100% used [0x00000000d6800000,0x00000000d6880000,0x00000000d6880000)
  from space 6656K, 45% used [0x00000000d7000000,0x00000000d72f8000,0x00000000d7680000)
  to   space 7168K, 0% used [0x00000000d6880000,0x00000000d6880000,0x00000000d6f80000)
 ParOldGen       total 506880K, used 490629K [0x0000000083800000, 0x00000000a2700000, 0x00000000d6800000)
  object space 506880K, 96% used [0x0000000083800000,0x00000000a1721468,0x00000000a2700000)
 Metaspace       used 11087K, capacity 11264K, committed 11648K, reserved 1058816K
  class space    used 1232K, capacity 1324K, committed 1408K, reserved 1048576K
Event: 5388,200 GC heap after
Heap after GC invocations=199 (full 8):
 PSYoungGen      total 7680K, used 3488K [0x00000000d6800000, 0x00000000d7680000, 0x0000000100000000)
  eden space 512K, 0% used [0x00000000d6800000,0x00000000d6800000,0x00000000d6880000)
  from space 7168K, 48% used [0x00000000d6880000,0x00000000d6be8000,0x00000000d6f80000)
  to   space 7168K, 0% used [0x00000000d6f80000,0x00000000d6f80000,0x00000000d7680000)
 ParOldGen       total 506880K, used 490629K [0x0000000083800000, 0x00000000a2700000, 0x00000000d6800000)
  object space 506880K, 96% used [0x0000000083800000,0x00000000a1721468,0x00000000a2700000)
 Metaspace       used 11087K, capacity 11264K, committed 11648K, reserved 1058816K
  class space    used 1232K, capacity 1324K, committed 1408K, reserved 1048576K
}
Event: 5393,222 GC heap before
{Heap before GC invocations=200 (full 8):
 PSYoungGen      total 7680K, used 4000K [0x00000000d6800000, 0x00000000d7680000, 0x0000000100000000)
  eden space 512K, 100% used [0x00000000d6800000,0x00000000d6880000,0x00000000d6880000)
  from space 7168K, 48% used [0x00000000d6880000,0x00000000d6be8000,0x00000000d6f80000)
  to   space 7168K, 0% used [0x00000000d6f80000,0x00000000d6f80000,0x00000000d7680000)
 ParOldGen       total 506880K, used 490629K [0x0000000083800000, 0x00000000a2700000, 0x00000000d6800000)
  object space 506880K, 96% used [0x0000000083800000,0x00000000a1721468,0x00000000a2700000)
 Metaspace       used 11087K, capacity 11264K, committed 11648K, reserved 1058816K
  class space    used 1232K, capacity 1324K, committed 1408K, reserved 1048576K
Event: 5393,236 GC heap after
Heap after GC invocations=200 (full 8):
 PSYoungGen      total 7680K, used 4000K [0x00000000d6800000, 0x00000000d7680000, 0x0000000100000000)
  eden space 512K, 0% used [0x00000000d6800000,0x00000000d6800000,0x00000000d6880000)
  from space 7168K, 55% used [0x00000000d6f80000,0x00000000d7368000,0x00000000d7680000)
  to   space 7168K, 0% used [0x00000000d6880000,0x00000000d6880000,0x00000000d6f80000)
 ParOldGen       total 506880K, used 490629K [0x0000000083800000, 0x00000000a2700000, 0x00000000d6800000)
  object space 506880K, 96% used [0x0000000083800000,0x00000000a1721468,0x00000000a2700000)
 Metaspace       used 11087K, capacity 11264K, committed 11648K, reserved 1058816K
  class space    used 1232K, capacity 1324K, committed 1408K, reserved 1048576K
}
Event: 5399,330 GC heap before
{Heap before GC invocations=201 (full 8):
 PSYoungGen      total 7680K, used 4512K [0x00000000d6800000, 0x00000000d7680000, 0x0000000100000000)
  eden space 512K, 100% used [0x00000000d6800000,0x00000000d6880000,0x00000000d6880000)
  from space 7168K, 55% used [0x00000000d6f80000,0x00000000d7368000,0x00000000d7680000)
  to   space 7168K, 0% used [0x00000000d6880000,0x00000000d6880000,0x00000000d6f80000)
 ParOldGen       total 506880K, used 490629K [0x0000000083800000, 0x00000000a2700000, 0x00000000d6800000)
  object space 506880K, 96% used [0x0000000083800000,0x00000000a1721468,0x00000000a2700000)
 Metaspace       used 11087K, capacity 11264K, committed 11648K, reserved 1058816K
  class space    used 1232K, capacity 1324K, committed 1408K, reserved 1048576K
Event: 5399,351 GC heap after
Heap after GC invocations=201 (full 8):
 PSYoungGen      total 7680K, used 4512K [0x00000000d6800000, 0x00000000d7780000, 0x0000000100000000)
  eden space 512K, 0% used [0x00000000d6800000,0x00000000d6800000,0x00000000d6880000)
  from space 7168K, 62% used [0x00000000d6880000,0x00000000d6ce8000,0x00000000d6f80000)
  to   space 7680K, 0% used [0x00000000d7000000,0x00000000d7000000,0x00000000d7780000)
 ParOldGen       total 506880K, used 490629K [0x0000000083800000, 0x00000000a2700000, 0x00000000d6800000)
  object space 506880K, 96% used [0x0000000083800000,0x00000000a1721468,0x00000000a2700000)
 Metaspace       used 11087K, capacity 11264K, committed 11648K, reserved 1058816K
  class space    used 1232K, capacity 1324K, committed 1408K, reserved 1048576K
}

