# JRE version: Java(TM) SE Runtime Environment (8.0_144-b01) (build 1.8.0_144-b01)
# Java VM: Java HotSpot(TM) 64-Bit Server VM (25.144-b01 mixed mode linux-amd64 compressed oops)
Heap:
 PSYoungGen      total 11776K, used 5435K [0x00000000d6800000, 0x00000000d7e80000, 0x0000000100000000)
  eden space 512K, 0% used [0x00000000d6800000,0x00000000d6800000,0x00000000d6880000)
  from space 11264K, 48% used [0x00000000d7380000,0x00000000d78cee08,0x00000000d7e80000)
  to   space 11264K, 0% used [0x00000000d6880000,0x00000000d6880000,0x00000000d7380000)
 ParOldGen       total 396800K, used 396666K [0x0000000083800000, 0x000000009bb80000, 0x00000000d6800000)
  object space 396800K, 99% used [0x0000000083800000,0x000000009bb5ea70,0x000000009bb80000)
 Metaspace       used 11193K, capacity 11472K, committed 11648K, reserved 1058816K
  class space    used 1235K, capacity 1326K, committed 1408K, reserved 1048576K
GC Heap History (10 events):
Event: 3284,611 GC heap after
Heap after GC invocations=348 (full 6):
 PSYoungGen      total 9216K, used 7584K [0x00000000d6800000, 0x00000000d7b80000, 0x0000000100000000)
  eden space 512K, 0% used [0x00000000d6800000,0x00000000d6800000,0x00000000d6880000)
  from space 8704K, 87% used [0x00000000d7100000,0x00000000d7868000,0x00000000d7980000)
  to   space 8704K, 0% used [0x00000000d6880000,0x00000000d6880000,0x00000000d7100000)
 ParOldGen       total 396800K, used 393793K [0x0000000083800000, 0x000000009bb80000, 0x00000000d6800000)
  object space 396800K, 99% used [0x0000000083800000,0x000000009b890490,0x000000009bb80000)
 Metaspace       used 11192K, capacity 11472K, committed 11648K, reserved 1058816K
  class space    used 1235K, capacity 1326K, committed 1408K, reserved 1048576K
}
Event: 3288,374 GC heap before
{Heap before GC invocations=349 (full 6):
 PSYoungGen      total 9216K, used 8096K [0x00000000d6800000, 0x00000000d7b80000, 0x0000000100000000)
  eden space 512K, 100% used [0x00000000d6800000,0x00000000d6880000,0x00000000d6880000)
  from space 8704K, 87% used [0x00000000d7100000,0x00000000d7868000,0x00000000d7980000)
  to   space 8704K, 0% used [0x00000000d6880000,0x00000000d6880000,0x00000000d7100000)
 ParOldGen       total 396800K, used 393793K [0x0000000083800000, 0x000000009bb80000, 0x00000000d6800000)
  object space 396800K, 99% used [0x0000000083800000,0x000000009b890490,0x000000009bb80000)
 Metaspace       used 11192K, capacity 11472K, committed 11648K, reserved 1058816K
  class space    used 1235K, capacity 1326K, committed 1408K, reserved 1048576K
Event: 3288,384 GC heap after
Heap after GC invocations=349 (full 6):
 PSYoungGen      total 9216K, used 8032K [0x00000000d6800000, 0x00000000d7c80000, 0x0000000100000000)
  eden space 512K, 0% used [0x00000000d6800000,0x00000000d6800000,0x00000000d6880000)
  from space 8704K, 92% used [0x00000000d6880000,0x00000000d7058000,0x00000000d7100000)
  to   space 10240K, 0% used [0x00000000d7280000,0x00000000d7280000,0x00000000d7c80000)
 ParOldGen       total 396800K, used 393793K [0x0000000083800000, 0x000000009bb80000, 0x00000000d6800000)
  object space 396800K, 99% used [0x0000000083800000,0x000000009b890490,0x000000009bb80000)
 Metaspace       used 11192K, capacity 11472K, committed 11648K, reserved 1058816K
  class space    used 1235K, capacity 1326K, committed 1408K, reserved 1048576K
}
Event: 3292,150 GC heap before
{Heap before GC invocations=350 (full 6):
 PSYoungGen      total 9216K, used 8544K [0x00000000d6800000, 0x00000000d7c80000, 0x0000000100000000)
  eden space 512K, 100% used [0x00000000d6800000,0x00000000d6880000,0x00000000d6880000)
  from space 8704K, 92% used [0x00000000d6880000,0x00000000d7058000,0x00000000d7100000)
  to   space 10240K, 0% used [0x00000000d7280000,0x00000000d7280000,0x00000000d7c80000)
 ParOldGen       total 396800K, used 393793K [0x0000000083800000, 0x000000009bb80000, 0x00000000d6800000)
  object space 396800K, 99% used [0x0000000083800000,0x000000009b890490,0x000000009bb80000)
 Metaspace       used 11192K, capacity 11472K, committed 11648K, reserved 1058816K
  class space    used 1235K, capacity 1326K, committed 1408K, reserved 1048576K
Event: 3292,166 GC heap after
Heap after GC invocations=350 (full 6):
 PSYoungGen      total 10752K, used 8480K [0x00000000d6800000, 0x00000000d7d80000, 0x0000000100000000)
  eden space 512K, 0% used [0x00000000d6800000,0x00000000d6800000,0x00000000d6880000)
  from space 10240K, 82% used [0x00000000d7280000,0x00000000d7ac8000,0x00000000d7c80000)
  to   space 10240K, 0% used [0x00000000d6880000,0x00000000d6880000,0x00000000d7280000)
 ParOldGen       total 396800K, used 393793K [0x0000000083800000, 0x000000009bb80000, 0x00000000d6800000)
  object space 396800K, 99% used [0x0000000083800000,0x000000009b890490,0x000000009bb80000)
 Metaspace       used 11192K, capacity 11472K, committed 11648K, reserved 1058816K
  class space    used 1235K, capacity 1326K, committed 1408K, reserved 1048576K
}
Event: 3295,927 GC heap before
{Heap before GC invocations=351 (full 6):
 PSYoungGen      total 10752K, used 8992K [0x00000000d6800000, 0x00000000d7d80000, 0x0000000100000000)
  eden space 512K, 100% used [0x00000000d6800000,0x00000000d6880000,0x00000000d6880000)
  from space 10240K, 82% used [0x00000000d7280000,0x00000000d7ac8000,0x00000000d7c80000)
  to   space 10240K, 0% used [0x00000000d6880000,0x00000000d6880000,0x00000000d7280000)
 ParOldGen       total 396800K, used 393793K [0x0000000083800000, 0x000000009bb80000, 0x00000000d6800000)
  object space 396800K, 99% used [0x0000000083800000,0x000000009b890490,0x000000009bb80000)
 Metaspace       used 11193K, capacity 11472K, committed 11648K, reserved 1058816K
  class space    used 1235K, capacity 1326K, committed 1408K, reserved 1048576K
Event: 3295,942 GC heap after
Heap after GC invocations=351 (full 6):
 PSYoungGen      total 10752K, used 8096K [0x00000000d6800000, 0x00000000d7e80000, 0x0000000100000000)
  eden space 512K, 0% used [0x00000000d6800000,0x00000000d6800000,0x00000000d6880000)
  from space 10240K, 79% used [0x00000000d6880000,0x00000000d7068000,0x00000000d7280000)
  to   space 11264K, 0% used [0x00000000d7380000,0x00000000d7380000,0x00000000d7e80000)
 ParOldGen       total 396800K, used 394761K [0x0000000083800000, 0x000000009bb80000, 0x00000000d6800000)
  object space 396800K, 99% used [0x0000000083800000,0x000000009b982490,0x000000009bb80000)
 Metaspace       used 11193K, capacity 11472K, committed 11648K, reserved 1058816K
  class space    used 1235K, capacity 1326K, committed 1408K, reserved 1048576K
}
Event: 3299,699 GC heap before
{Heap before GC invocations=352 (full 6):
 PSYoungGen      total 10752K, used 8608K [0x00000000d6800000, 0x00000000d7e80000, 0x0000000100000000)
  eden space 512K, 100% used [0x00000000d6800000,0x00000000d6880000,0x00000000d6880000)
  from space 10240K, 79% used [0x00000000d6880000,0x00000000d7068000,0x00000000d7280000)
  to   space 11264K, 0% used [0x00000000d7380000,0x00000000d7380000,0x00000000d7e80000)
 ParOldGen       total 396800K, used 394761K [0x0000000083800000, 0x000000009bb80000, 0x00000000d6800000)
  object space 396800K, 99% used [0x0000000083800000,0x000000009b982490,0x000000009bb80000)
 Metaspace       used 11193K, capacity 11472K, committed 11648K, reserved 1058816K
  class space    used 1235K, capacity 1326K, committed 1408K, reserved 1048576K
Event: 3299,725 GC heap after
Heap after GC invocations=352 (full 6):
 PSYoungGen      total 11776K, used 7584K [0x00000000d6800000, 0x00000000d7e80000, 0x0000000100000000)
  eden space 512K, 0% used [0x00000000d6800000,0x00000000d6800000,0x00000000d6880000)
  from space 11264K, 67% used [0x00000000d7380000,0x00000000d7ae8000,0x00000000d7e80000)
  to   space 11264K, 0% used [0x00000000d6880000,0x00000000d6880000,0x00000000d7380000)
 ParOldGen       total 396800K, used 395721K [0x0000000083800000, 0x000000009bb80000, 0x00000000d6800000)
  object space 396800K, 99% used [0x0000000083800000,0x000000009ba72490,0x000000009bb80000)
 Metaspace       used 11193K, capacity 11472K, committed 11648K, reserved 1058816K
  class space    used 1235K, capacity 1326K, committed 1408K, reserved 1048576K
}
Event: 3299,726 GC heap before
{Heap before GC invocations=353 (full 7):
 PSYoungGen      total 11776K, used 7584K [0x00000000d6800000, 0x00000000d7e80000, 0x0000000100000000)
  eden space 512K, 0% used [0x00000000d6800000,0x00000000d6800000,0x00000000d6880000)
  from space 11264K, 67% used [0x00000000d7380000,0x00000000d7ae8000,0x00000000d7e80000)
  to   space 11264K, 0% used [0x00000000d6880000,0x00000000d6880000,0x00000000d7380000)
 ParOldGen       total 396800K, used 395721K [0x0000000083800000, 0x000000009bb80000, 0x00000000d6800000)
  object space 396800K, 99% used [0x0000000083800000,0x000000009ba72490,0x000000009bb80000)
 Metaspace       used 11193K, capacity 11472K, committed 11648K, reserved 1058816K
  class space    used 1235K, capacity 1326K, committed 1408K, reserved 1048576K

