# JRE version: Java(TM) SE Runtime Environment (8.0_144-b01) (build 1.8.0_144-b01)
# Java VM: Java HotSpot(TM) 64-Bit Server VM (25.144-b01 mixed mode linux-amd64 compressed oops)
Heap:
 PSYoungGen      total 8704K, used 6694K [0x00000000d6800000, 0x00000000d7880000, 0x0000000100000000)
  eden space 512K, 45% used [0x00000000d6800000,0x00000000d6839bd0,0x00000000d6880000)
  from space 8192K, 78% used [0x00000000d7080000,0x00000000d76d0000,0x00000000d7880000)
  to   space 8192K, 0% used [0x00000000d6880000,0x00000000d6880000,0x00000000d7080000)
 ParOldGen       total 269824K, used 263607K [0x0000000083800000, 0x0000000093f80000, 0x00000000d6800000)
  object space 269824K, 97% used [0x0000000083800000,0x000000009396dd48,0x0000000093f80000)
 Metaspace       used 11227K, capacity 11488K, committed 11648K, reserved 1058816K
  class space    used 1234K, capacity 1326K, committed 1408K, reserved 1048576K
GC Heap History (10 events):
Event: 2912,526 GC heap before
{Heap before GC invocations=249 (full 5):
 PSYoungGen      total 8704K, used 7008K [0x00000000d6800000, 0x00000000d7880000, 0x0000000100000000)
  eden space 512K, 100% used [0x00000000d6800000,0x00000000d6880000,0x00000000d6880000)
  from space 8192K, 79% used [0x00000000d6880000,0x00000000d6ed8000,0x00000000d7080000)
  to   space 8192K, 0% used [0x00000000d7080000,0x00000000d7080000,0x00000000d7880000)
 ParOldGen       total 269824K, used 261375K [0x0000000083800000, 0x0000000093f80000, 0x00000000d6800000)
  object space 269824K, 96% used [0x0000000083800000,0x000000009373fd48,0x0000000093f80000)
 Metaspace       used 11227K, capacity 11488K, committed 11648K, reserved 1058816K
  class space    used 1234K, capacity 1326K, committed 1408K, reserved 1048576K
Event: 2912,542 GC heap after
Heap after GC invocations=249 (full 5):
 PSYoungGen      total 8704K, used 6464K [0x00000000d6800000, 0x00000000d7880000, 0x0000000100000000)
  eden space 512K, 0% used [0x00000000d6800000,0x00000000d6800000,0x00000000d6880000)
  from space 8192K, 78% used [0x00000000d7080000,0x00000000d76d0000,0x00000000d7880000)
  to   space 8192K, 0% used [0x00000000d6880000,0x00000000d6880000,0x00000000d7080000)
 ParOldGen       total 269824K, used 261839K [0x0000000083800000, 0x0000000093f80000, 0x00000000d6800000)
  object space 269824K, 97% used [0x0000000083800000,0x00000000937b3d48,0x0000000093f80000)
 Metaspace       used 11227K, capacity 11488K, committed 11648K, reserved 1058816K
  class space    used 1234K, capacity 1326K, committed 1408K, reserved 1048576K
}
Event: 2917,570 GC heap before
{Heap before GC invocations=250 (full 5):
 PSYoungGen      total 8704K, used 6976K [0x00000000d6800000, 0x00000000d7880000, 0x0000000100000000)
  eden space 512K, 100% used [0x00000000d6800000,0x00000000d6880000,0x00000000d6880000)
  from space 8192K, 78% used [0x00000000d7080000,0x00000000d76d0000,0x00000000d7880000)
  to   space 8192K, 0% used [0x00000000d6880000,0x00000000d6880000,0x00000000d7080000)
 ParOldGen       total 269824K, used 261839K [0x0000000083800000, 0x0000000093f80000, 0x00000000d6800000)
  object space 269824K, 97% used [0x0000000083800000,0x00000000937b3d48,0x0000000093f80000)
 Metaspace       used 11227K, capacity 11488K, committed 11648K, reserved 1058816K
  class space    used 1234K, capacity 1326K, committed 1408K, reserved 1048576K
Event: 2917,580 GC heap after
Heap after GC invocations=250 (full 5):
 PSYoungGen      total 8704K, used 6464K [0x00000000d6800000, 0x00000000d7880000, 0x0000000100000000)
  eden space 512K, 0% used [0x00000000d6800000,0x00000000d6800000,0x00000000d6880000)
  from space 8192K, 78% used [0x00000000d6880000,0x00000000d6ed0000,0x00000000d7080000)
  to   space 8192K, 0% used [0x00000000d7080000,0x00000000d7080000,0x00000000d7880000)
 ParOldGen       total 269824K, used 262247K [0x0000000083800000, 0x0000000093f80000, 0x00000000d6800000)
  object space 269824K, 97% used [0x0000000083800000,0x0000000093819d48,0x0000000093f80000)
 Metaspace       used 11227K, capacity 11488K, committed 11648K, reserved 1058816K
  class space    used 1234K, capacity 1326K, committed 1408K, reserved 1048576K
}
Event: 2921,603 GC heap before
{Heap before GC invocations=251 (full 5):
 PSYoungGen      total 8704K, used 6976K [0x00000000d6800000, 0x00000000d7880000, 0x0000000100000000)
  eden space 512K, 100% used [0x00000000d6800000,0x00000000d6880000,0x00000000d6880000)
  from space 8192K, 78% used [0x00000000d6880000,0x00000000d6ed0000,0x00000000d7080000)
  to   space 8192K, 0% used [0x00000000d7080000,0x00000000d7080000,0x00000000d7880000)
 ParOldGen       total 269824K, used 262247K [0x0000000083800000, 0x0000000093f80000, 0x00000000d6800000)
  object space 269824K, 97% used [0x0000000083800000,0x0000000093819d48,0x0000000093f80000)
 Metaspace       used 11227K, capacity 11488K, committed 11648K, reserved 1058816K
  class space    used 1234K, capacity 1326K, committed 1408K, reserved 1048576K
Event: 2921,618 GC heap after
Heap after GC invocations=251 (full 5):
 PSYoungGen      total 8704K, used 6464K [0x00000000d6800000, 0x00000000d7880000, 0x0000000100000000)
  eden space 512K, 0% used [0x00000000d6800000,0x00000000d6800000,0x00000000d6880000)
  from space 8192K, 78% used [0x00000000d7080000,0x00000000d76d0000,0x00000000d7880000)
  to   space 8192K, 0% used [0x00000000d6880000,0x00000000d6880000,0x00000000d7080000)
 ParOldGen       total 269824K, used 262695K [0x0000000083800000, 0x0000000093f80000, 0x00000000d6800000)
  object space 269824K, 97% used [0x0000000083800000,0x0000000093889d48,0x0000000093f80000)
 Metaspace       used 11227K, capacity 11488K, committed 11648K, reserved 1058816K
  class space    used 1234K, capacity 1326K, committed 1408K, reserved 1048576K
}
Event: 2926,638 GC heap before
{Heap before GC invocations=252 (full 5):
 PSYoungGen      total 8704K, used 6976K [0x00000000d6800000, 0x00000000d7880000, 0x0000000100000000)
  eden space 512K, 100% used [0x00000000d6800000,0x00000000d6880000,0x00000000d6880000)
  from space 8192K, 78% used [0x00000000d7080000,0x00000000d76d0000,0x00000000d7880000)
  to   space 8192K, 0% used [0x00000000d6880000,0x00000000d6880000,0x00000000d7080000)
 ParOldGen       total 269824K, used 262695K [0x0000000083800000, 0x0000000093f80000, 0x00000000d6800000)
  object space 269824K, 97% used [0x0000000083800000,0x0000000093889d48,0x0000000093f80000)
 Metaspace       used 11227K, capacity 11488K, committed 11648K, reserved 1058816K
  class space    used 1234K, capacity 1326K, committed 1408K, reserved 1048576K
Event: 2926,653 GC heap after
Heap after GC invocations=252 (full 5):
 PSYoungGen      total 8704K, used 6464K [0x00000000d6800000, 0x00000000d7880000, 0x0000000100000000)
  eden space 512K, 0% used [0x00000000d6800000,0x00000000d6800000,0x00000000d6880000)
  from space 8192K, 78% used [0x00000000d6880000,0x00000000d6ed0000,0x00000000d7080000)
  to   space 8192K, 0% used [0x00000000d7080000,0x00000000d7080000,0x00000000d7880000)
 ParOldGen       total 269824K, used 263143K [0x0000000083800000, 0x0000000093f80000, 0x00000000d6800000)
  object space 269824K, 97% used [0x0000000083800000,0x00000000938f9d48,0x0000000093f80000)
 Metaspace       used 11227K, capacity 11488K, committed 11648K, reserved 1058816K
  class space    used 1234K, capacity 1326K, committed 1408K, reserved 1048576K
}
Event: 2930,723 GC heap before
{Heap before GC invocations=253 (full 5):
 PSYoungGen      total 8704K, used 6976K [0x00000000d6800000, 0x00000000d7880000, 0x0000000100000000)
  eden space 512K, 100% used [0x00000000d6800000,0x00000000d6880000,0x00000000d6880000)
  from space 8192K, 78% used [0x00000000d6880000,0x00000000d6ed0000,0x00000000d7080000)
  to   space 8192K, 0% used [0x00000000d7080000,0x00000000d7080000,0x00000000d7880000)
 ParOldGen       total 269824K, used 263143K [0x0000000083800000, 0x0000000093f80000, 0x00000000d6800000)
  object space 269824K, 97% used [0x0000000083800000,0x00000000938f9d48,0x0000000093f80000)
 Metaspace       used 11227K, capacity 11488K, committed 11648K, reserved 1058816K
  class space    used 1234K, capacity 1326K, committed 1408K, reserved 1048576K
Event: 2930,822 GC heap after
Heap after GC invocations=253 (full 5):
 PSYoungGen      total 8704K, used 6464K [0x00000000d6800000, 0x00000000d7880000, 0x0000000100000000)
  eden space 512K, 0% used [0x00000000d6800000,0x00000000d6800000,0x00000000d6880000)
  from space 8192K, 78% used [0x00000000d7080000,0x00000000d76d0000,0x00000000d7880000)
  to   space 8192K, 0% used [0x00000000d6880000,0x00000000d6880000,0x00000000d7080000)
 ParOldGen       total 269824K, used 263607K [0x0000000083800000, 0x0000000093f80000, 0x00000000d6800000)
  object space 269824K, 97% used [0x0000000083800000,0x000000009396dd48,0x0000000093f80000)
 Metaspace       used 11227K, capacity 11488K, committed 11648K, reserved 1058816K
  class space    used 1234K, capacity 1326K, committed 1408K, reserved 1048576K
}

