# JRE version: Java(TM) SE Runtime Environment (8.0_144-b01) (build 1.8.0_144-b01)
# Java VM: Java HotSpot(TM) 64-Bit Server VM (25.144-b01 mixed mode linux-amd64 compressed oops)
Heap:
 PSYoungGen      total 38400K, used 18048K [0x00000000d6800000, 0x00000000db280000, 0x0000000100000000)
  eden space 1024K, 0% used [0x00000000d6800000,0x00000000d6800000,0x00000000d6900000)
  from space 37376K, 48% used [0x00000000d6900000,0x00000000d7aa0000,0x00000000d8d80000)
  to   space 36864K, 0% used [0x00000000d8d80000,0x00000000d8d80000,0x00000000db180000)
 ParOldGen       total 741888K, used 709708K [0x0000000083800000, 0x00000000b0c80000, 0x00000000d6800000)
  object space 741888K, 95% used [0x0000000083800000,0x00000000aed13380,0x00000000b0c80000)
 Metaspace       used 11201K, capacity 11408K, committed 11648K, reserved 1058816K
  class space    used 1237K, capacity 1326K, committed 1408K, reserved 1048576K
GC Heap History (10 events):
Event: 3983,666 GC heap after
Heap after GC invocations=489 (full 14):
 PSYoungGen      total 36864K, used 33440K [0x00000000d6800000, 0x00000000db100000, 0x0000000100000000)
  eden space 512K, 0% used [0x00000000d6800000,0x00000000d6800000,0x00000000d6880000)
  from space 36352K, 91% used [0x00000000d6880000,0x00000000d8928000,0x00000000d8c00000)
  to   space 36864K, 0% used [0x00000000d8d00000,0x00000000d8d00000,0x00000000db100000)
 ParOldGen       total 696832K, used 691577K [0x0000000083800000, 0x00000000ae080000, 0x00000000d6800000)
  object space 696832K, 99% used [0x0000000083800000,0x00000000adb5e520,0x00000000ae080000)
 Metaspace       used 11201K, capacity 11408K, committed 11648K, reserved 1058816K
  class space    used 1237K, capacity 1326K, committed 1408K, reserved 1048576K
}
Event: 3986,171 GC heap before
{Heap before GC invocations=490 (full 14):
 PSYoungGen      total 36864K, used 33952K [0x00000000d6800000, 0x00000000db100000, 0x0000000100000000)
  eden space 512K, 100% used [0x00000000d6800000,0x00000000d6880000,0x00000000d6880000)
  from space 36352K, 91% used [0x00000000d6880000,0x00000000d8928000,0x00000000d8c00000)
  to   space 36864K, 0% used [0x00000000d8d00000,0x00000000d8d00000,0x00000000db100000)
 ParOldGen       total 696832K, used 691577K [0x0000000083800000, 0x00000000ae080000, 0x00000000d6800000)
  object space 696832K, 99% used [0x0000000083800000,0x00000000adb5e520,0x00000000ae080000)
 Metaspace       used 11201K, capacity 11408K, committed 11648K, reserved 1058816K
  class space    used 1237K, capacity 1326K, committed 1408K, reserved 1048576K
Event: 3986,205 GC heap after
Heap after GC invocations=490 (full 14):
 PSYoungGen      total 36864K, used 32000K [0x00000000d6800000, 0x00000000db000000, 0x0000000100000000)
  eden space 1024K, 0% used [0x00000000d6800000,0x00000000d6800000,0x00000000d6900000)
  from space 35840K, 89% used [0x00000000d8d00000,0x00000000dac40000,0x00000000db000000)
  to   space 36352K, 0% used [0x00000000d6900000,0x00000000d6900000,0x00000000d8c80000)
 ParOldGen       total 696832K, used 693481K [0x0000000083800000, 0x00000000ae080000, 0x00000000d6800000)
  object space 696832K, 99% used [0x0000000083800000,0x00000000add3a520,0x00000000ae080000)
 Metaspace       used 11201K, capacity 11408K, committed 11648K, reserved 1058816K
  class space    used 1237K, capacity 1326K, committed 1408K, reserved 1048576K
}
Event: 3986,205 GC heap before
{Heap before GC invocations=491 (full 15):
 PSYoungGen      total 36864K, used 32000K [0x00000000d6800000, 0x00000000db000000, 0x0000000100000000)
  eden space 1024K, 0% used [0x00000000d6800000,0x00000000d6800000,0x00000000d6900000)
  from space 35840K, 89% used [0x00000000d8d00000,0x00000000dac40000,0x00000000db000000)
  to   space 36352K, 0% used [0x00000000d6900000,0x00000000d6900000,0x00000000d8c80000)
 ParOldGen       total 696832K, used 693481K [0x0000000083800000, 0x00000000ae080000, 0x00000000d6800000)
  object space 696832K, 99% used [0x0000000083800000,0x00000000add3a520,0x00000000ae080000)
 Metaspace       used 11201K, capacity 11408K, committed 11648K, reserved 1058816K
  class space    used 1237K, capacity 1326K, committed 1408K, reserved 1048576K
Event: 3988,185 GC heap after
Heap after GC invocations=491 (full 15):
 PSYoungGen      total 36864K, used 28282K [0x00000000d6800000, 0x00000000db000000, 0x0000000100000000)
  eden space 1024K, 0% used [0x00000000d6800000,0x00000000d6800000,0x00000000d6900000)
  from space 35840K, 78% used [0x00000000d8d00000,0x00000000da89ea20,0x00000000db000000)
  to   space 36352K, 0% used [0x00000000d6900000,0x00000000d6900000,0x00000000d8c80000)
 ParOldGen       total 741888K, used 696428K [0x0000000083800000, 0x00000000b0c80000, 0x00000000d6800000)
  object space 741888K, 93% used [0x0000000083800000,0x00000000ae01b380,0x00000000b0c80000)
 Metaspace       used 11201K, capacity 11408K, committed 11648K, reserved 1058816K
  class space    used 1237K, capacity 1326K, committed 1408K, reserved 1048576K
}
Event: 3993,195 GC heap before
{Heap before GC invocations=492 (full 15):
 PSYoungGen      total 36864K, used 29306K [0x00000000d6800000, 0x00000000db000000, 0x0000000100000000)
  eden space 1024K, 100% used [0x00000000d6800000,0x00000000d6900000,0x00000000d6900000)
  from space 35840K, 78% used [0x00000000d8d00000,0x00000000da89ea20,0x00000000db000000)
  to   space 36352K, 0% used [0x00000000d6900000,0x00000000d6900000,0x00000000d8c80000)
 ParOldGen       total 741888K, used 696428K [0x0000000083800000, 0x00000000b0c80000, 0x00000000d6800000)
  object space 741888K, 93% used [0x0000000083800000,0x00000000ae01b380,0x00000000b0c80000)
 Metaspace       used 11201K, capacity 11408K, committed 11648K, reserved 1058816K
  class space    used 1237K, capacity 1326K, committed 1408K, reserved 1048576K
Event: 3993,381 GC heap after
Heap after GC invocations=492 (full 15):
 PSYoungGen      total 37376K, used 27008K [0x00000000d6800000, 0x00000000db180000, 0x0000000100000000)
  eden space 1024K, 0% used [0x00000000d6800000,0x00000000d6800000,0x00000000d6900000)
  from space 36352K, 74% used [0x00000000d6900000,0x00000000d8360000,0x00000000d8c80000)
  to   space 36864K, 0% used [0x00000000d8d80000,0x00000000d8d80000,0x00000000db180000)
 ParOldGen       total 741888K, used 698820K [0x0000000083800000, 0x00000000b0c80000, 0x00000000d6800000)
  object space 741888K, 94% used [0x0000000083800000,0x00000000ae271380,0x00000000b0c80000)
 Metaspace       used 11201K, capacity 11408K, committed 11648K, reserved 1058816K
  class space    used 1237K, capacity 1326K, committed 1408K, reserved 1048576K
}
Event: 3998,398 GC heap before
{Heap before GC invocations=493 (full 15):
 PSYoungGen      total 37376K, used 28032K [0x00000000d6800000, 0x00000000db180000, 0x0000000100000000)
  eden space 1024K, 100% used [0x00000000d6800000,0x00000000d6900000,0x00000000d6900000)
  from space 36352K, 74% used [0x00000000d6900000,0x00000000d8360000,0x00000000d8c80000)
  to   space 36864K, 0% used [0x00000000d8d80000,0x00000000d8d80000,0x00000000db180000)
 ParOldGen       total 741888K, used 698820K [0x0000000083800000, 0x00000000b0c80000, 0x00000000d6800000)
  object space 741888K, 94% used [0x0000000083800000,0x00000000ae271380,0x00000000b0c80000)
 Metaspace       used 11201K, capacity 11408K, committed 11648K, reserved 1058816K
  class space    used 1237K, capacity 1326K, committed 1408K, reserved 1048576K
Event: 3998,447 GC heap after
Heap after GC invocations=493 (full 15):
 PSYoungGen      total 37888K, used 22720K [0x00000000d6800000, 0x00000000db280000, 0x0000000100000000)
  eden space 1024K, 0% used [0x00000000d6800000,0x00000000d6800000,0x00000000d6900000)
  from space 36864K, 61% used [0x00000000d8d80000,0x00000000da3b0000,0x00000000db180000)
  to   space 37376K, 0% used [0x00000000d6900000,0x00000000d6900000,0x00000000d8d80000)
 ParOldGen       total 741888K, used 704044K [0x0000000083800000, 0x00000000b0c80000, 0x00000000d6800000)
  object space 741888K, 94% used [0x0000000083800000,0x00000000ae78b380,0x00000000b0c80000)
 Metaspace       used 11201K, capacity 11408K, committed 11648K, reserved 1058816K
  class space    used 1237K, capacity 1326K, committed 1408K, reserved 1048576K
}
Event: 4003,682 GC heap before
{Heap before GC invocations=494 (full 15):
 PSYoungGen      total 37888K, used 23744K [0x00000000d6800000, 0x00000000db280000, 0x0000000100000000)
  eden space 1024K, 100% used [0x00000000d6800000,0x00000000d6900000,0x00000000d6900000)
  from space 36864K, 61% used [0x00000000d8d80000,0x00000000da3b0000,0x00000000db180000)
  to   space 37376K, 0% used [0x00000000d6900000,0x00000000d6900000,0x00000000d8d80000)
 ParOldGen       total 741888K, used 704044K [0x0000000083800000, 0x00000000b0c80000, 0x00000000d6800000)
  object space 741888K, 94% used [0x0000000083800000,0x00000000ae78b380,0x00000000b0c80000)
 Metaspace       used 11201K, capacity 11408K, committed 11648K, reserved 1058816K
  class space    used 1237K, capacity 1326K, committed 1408K, reserved 1048576K

